<?xml version='1.0' encoding='UTF-8'?>
<!DOCTYPE coverage SYSTEM 'http://cobertura.sourceforge.net/xml/coverage-04.dtd'>
<coverage line-rate="1.0" branch-rate="0.578125" lines-covered="20" lines-valid="20" branches-covered="37" branches-valid="64" complexity="0.0" timestamp="1607603744" version="gcovr 4.2">
  <sources>
    <source>/home/overcastan/Desktop/Testing/TechProgTemplates/task5/src</source>
  </sources>
  <packages>
    <package name="02-tree" line-rate="1.0" branch-rate="0.578125" complexity="0.0">
      <classes>
        <class name="Tree_cpp" filename="02-tree/Tree.cpp" line-rate="1.0" branch-rate="0.578125" complexity="0.0">
          <methods/>
          <lines>
            <line number="10" hits="1599" branch="false"/>
            <line number="11" hits="1599" branch="false"/>
            <line number="12" hits="1599" branch="true" condition-coverage="66% (4/6)">
              <conditions>
                <condition number="0" type="jump" coverage="66%"/>
              </conditions>
            </line>
            <line number="13" hits="39" branch="true" condition-coverage="50% (1/2)">
              <conditions>
                <condition number="0" type="jump" coverage="50%"/>
              </conditions>
            </line>
            <line number="16" hits="1560" branch="true" condition-coverage="66% (4/6)">
              <conditions>
                <condition number="0" type="jump" coverage="66%"/>
              </conditions>
            </line>
            <line number="17" hits="39" branch="true" condition-coverage="50% (1/2)">
              <conditions>
                <condition number="0" type="jump" coverage="50%"/>
              </conditions>
            </line>
            <line number="20" hits="1521" branch="true" condition-coverage="50% (3/6)">
              <conditions>
                <condition number="0" type="jump" coverage="50%"/>
              </conditions>
            </line>
            <line number="21" hits="1521" branch="false"/>
            <line number="22" hits="9594" branch="true" condition-coverage="58% (7/12)">
              <conditions>
                <condition number="0" type="jump" coverage="58%"/>
              </conditions>
            </line>
            <line number="23" hits="8073" branch="true" condition-coverage="75% (3/4)">
              <conditions>
                <condition number="0" type="jump" coverage="75%"/>
              </conditions>
            </line>
            <line number="24" hits="2730" branch="true" condition-coverage="50% (1/2)">
              <conditions>
                <condition number="0" type="jump" coverage="50%"/>
              </conditions>
            </line>
            <line number="25" hits="2730" branch="true" condition-coverage="50% (2/4)">
              <conditions>
                <condition number="0" type="jump" coverage="50%"/>
              </conditions>
            </line>
            <line number="28" hits="6708" branch="true" condition-coverage="100% (2/2)">
              <conditions>
                <condition number="0" type="jump" coverage="100%"/>
              </conditions>
            </line>
            <line number="29" hits="6084" branch="false"/>
            <line number="31" hits="1248" branch="true" condition-coverage="50% (2/4)">
              <conditions>
                <condition number="0" type="jump" coverage="50%"/>
              </conditions>
            </line>
            <line number="32" hits="1248" branch="true" condition-coverage="50% (2/4)">
              <conditions>
                <condition number="0" type="jump" coverage="50%"/>
              </conditions>
            </line>
            <line number="36" hits="1521" branch="false"/>
            <line number="39" hits="468" branch="false"/>
            <line number="40" hits="468" branch="true" condition-coverage="50% (3/6)">
              <conditions>
                <condition number="0" type="jump" coverage="50%"/>
              </conditions>
            </line>
            <line number="41" hits="117" branch="true" condition-coverage="50% (2/4)">
              <conditions>
                <condition number="0" type="jump" coverage="50%"/>
              </conditions>
            </line>
          </lines>
        </class>
      </classes>
    </package>
  </packages>
</coverage>
