<?xml version='1.0' encoding='UTF-8'?>
<!DOCTYPE coverage SYSTEM 'http://cobertura.sourceforge.net/xml/coverage-04.dtd'>
<coverage line-rate="0.896551724137931" branch-rate="0.29365079365079366" lines-covered="26" lines-valid="29" branches-covered="37" branches-valid="126" complexity="0.0" timestamp="1607603741" version="gcovr 4.2">
  <sources>
    <source>/home/overcastan/Desktop/Testing/TechProgTemplates/task5/src</source>
  </sources>
  <packages>
    <package name="03-weather" line-rate="0.896551724137931" branch-rate="0.3135593220338983" complexity="0.0">
      <classes>
        <class name="Weather_cpp" filename="03-weather/Weather.cpp" line-rate="0.896551724137931" branch-rate="0.3135593220338983" complexity="0.0">
          <methods/>
          <lines>
            <line number="11" hits="118" branch="true" condition-coverage="0% (0/2)">
              <conditions>
                <condition number="0" type="jump" coverage="0%"/>
              </conditions>
            </line>
            <line number="12" hits="236" branch="true" condition-coverage="50% (1/2)">
              <conditions>
                <condition number="0" type="jump" coverage="50%"/>
              </conditions>
            </line>
            <line number="14" hits="118" branch="true" condition-coverage="50% (2/4)">
              <conditions>
                <condition number="0" type="jump" coverage="50%"/>
              </conditions>
            </line>
            <line number="15" hits="42" branch="true" condition-coverage="50% (1/2)">
              <conditions>
                <condition number="0" type="jump" coverage="50%"/>
              </conditions>
            </line>
            <line number="17" hits="76" branch="true" condition-coverage="50% (2/4)">
              <conditions>
                <condition number="0" type="jump" coverage="50%"/>
              </conditions>
            </line>
            <line number="18" hits="152" branch="false"/>
            <line number="21" hits="64" branch="true" condition-coverage="0% (0/2)">
              <conditions>
                <condition number="0" type="jump" coverage="0%"/>
              </conditions>
            </line>
            <line number="22" hits="123" branch="true" condition-coverage="20% (2/10)">
              <conditions>
                <condition number="0" type="jump" coverage="20%"/>
              </conditions>
            </line>
            <line number="23" hits="118" branch="true" condition-coverage="50% (5/10)">
              <conditions>
                <condition number="0" type="jump" coverage="50%"/>
              </conditions>
            </line>
            <line number="26" hits="14" branch="false"/>
            <line number="27" hits="0" branch="true" condition-coverage="0% (0/6)">
              <conditions>
                <condition number="0" type="jump" coverage="0%"/>
              </conditions>
            </line>
            <line number="28" hits="70" branch="true" condition-coverage="50% (3/6)">
              <conditions>
                <condition number="0" type="jump" coverage="50%"/>
              </conditions>
            </line>
            <line number="31" hits="0" branch="false"/>
            <line number="32" hits="42" branch="true" condition-coverage="0% (0/2)">
              <conditions>
                <condition number="0" type="jump" coverage="0%"/>
              </conditions>
            </line>
            <line number="33" hits="28" branch="true" condition-coverage="50% (1/2)">
              <conditions>
                <condition number="0" type="jump" coverage="50%"/>
              </conditions>
            </line>
            <line number="36" hits="10" branch="true" condition-coverage="0% (0/2)">
              <conditions>
                <condition number="0" type="jump" coverage="0%"/>
              </conditions>
            </line>
            <line number="37" hits="10" branch="true" condition-coverage="33% (1/3)">
              <conditions>
                <condition number="0" type="jump" coverage="33%"/>
              </conditions>
            </line>
            <line number="38" hits="20" branch="true" condition-coverage="14% (1/7)">
              <conditions>
                <condition number="0" type="jump" coverage="14%"/>
              </conditions>
            </line>
            <line number="39" hits="10" branch="true" condition-coverage="42% (3/7)">
              <conditions>
                <condition number="0" type="jump" coverage="42%"/>
              </conditions>
            </line>
            <line number="40" hits="10" branch="true" condition-coverage="18% (2/11)">
              <conditions>
                <condition number="0" type="jump" coverage="18%"/>
              </conditions>
            </line>
            <line number="41" hits="6" branch="true" condition-coverage="50% (5/10)">
              <conditions>
                <condition number="0" type="jump" coverage="50%"/>
              </conditions>
            </line>
            <line number="42" hits="0" branch="true" condition-coverage="0% (0/10)">
              <conditions>
                <condition number="0" type="jump" coverage="0%"/>
              </conditions>
            </line>
            <line number="43" hits="4" branch="true" condition-coverage="50% (5/10)">
              <conditions>
                <condition number="0" type="jump" coverage="50%"/>
              </conditions>
            </line>
            <line number="46" hits="20" branch="true" condition-coverage="50% (1/2)">
              <conditions>
                <condition number="0" type="jump" coverage="50%"/>
              </conditions>
            </line>
            <line number="49" hits="22" branch="false"/>
            <line number="50" hits="22" branch="false"/>
            <line number="52" hits="1" branch="false"/>
            <line number="53" hits="1" branch="false"/>
            <line number="55" hits="106" branch="true" condition-coverage="50% (2/4)">
              <conditions>
                <condition number="0" type="jump" coverage="50%"/>
              </conditions>
            </line>
          </lines>
        </class>
      </classes>
    </package>
  </packages>
</coverage>
